#
# There is insufficient memory for the Java Runtime Environment to continue.
# Native memory allocation (malloc) failed to allocate 707456 bytes. Error detail: Chunk::new
# Possible reasons:
#   The system is out of physical RAM or swap space
#   This process is running with CompressedOops enabled, and the Java Heap may be blocking the growth of the native heap
# Possible solutions:
#   Reduce memory load on the system
#   Increase physical memory or swap space
#   Check if swap backing store is full
#   Decrease Java heap size (-Xmx/-Xms)
#   Decrease number of Java threads
#   Decrease Java thread stack sizes (-Xss)
#   Set larger code cache with -XX:ReservedCodeCacheSize=
#   JVM is running with Unscaled Compressed Oops mode in which the Java heap is
#     placed in the first 4GB address space. The Java Heap base address is the
#     maximum limit for the native heap growth. Please use -XX:HeapBaseMinAddress
#     to set the Java Heap base and to place the Java Heap above 4GB virtual address.
# This output file may be truncated or incomplete.
#
#  Out of Memory Error (arena.cpp:168), pid=11316, tid=22760
#
# JRE version: OpenJDK Runtime Environment Temurin-21.0.8+9 (21.0.8+9) (build 21.0.8+9-LTS)
# Java VM: OpenJDK 64-Bit Server VM Temurin-21.0.8+9 (21.0.8+9-LTS, mixed mode, sharing, tiered, compressed oops, compressed class ptrs, parallel gc, windows-amd64)
# No core dump will be written. Minidumps are not enabled by default on client versions of Windows
#

---------------  S U M M A R Y ------------

Command Line: --add-modules=ALL-SYSTEM --add-opens=java.base/java.util=ALL-UNNAMED --add-opens=java.base/java.lang=ALL-UNNAMED --add-opens=java.base/sun.nio.fs=ALL-UNNAMED -Declipse.application=org.eclipse.jdt.ls.core.id1 -Dosgi.bundles.defaultStartLevel=4 -Declipse.product=org.eclipse.jdt.ls.core.product -Djava.import.generatesMetadataFilesAtProjectRoot=false -DDetectVMInstallationsJob.disabled=true -Dfile.encoding=utf8 -XX:+UseParallelGC -XX:GCTimeRatio=4 -XX:AdaptiveSizePolicyWeight=90 -Dsun.zip.disableMemoryMapping=true -Xmx2G -Xms100m -Xlog:disable -javaagent:c:\Users\admin\.vscode\extensions\redhat.java-1.47.0-win32-x64\lombok\lombok-1.18.39-4050.jar c:\Users\admin\.vscode\extensions\redhat.java-1.47.0-win32-x64\server\plugins\org.eclipse.equinox.launcher_1.7.100.v20251014-1222.jar -configuration c:\Users\admin\AppData\Roaming\Code\User\globalStorage\redhat.java\1.47.0\config_ss_win -data c:\Users\admin\AppData\Roaming\Code\User\workspaceStorage\2088dbd25fa19c78726ac96d40eac408\redhat.java\ss_ws --pipe=\\.\pipe\lsp-5c50041fd1146ced06310dd7bce8bd37-sock

Host: 11th Gen Intel(R) Core(TM) i5-1135G7 @ 2.40GHz, 8 cores, 7G,  Windows 10 , 64 bit Build 19041 (10.0.19041.5198)
Time: Sat Nov  8 22:46:15 2025 SE Asia Standard Time elapsed time: 4.618125 seconds (0d 0h 0m 4s)

---------------  T H R E A D  ---------------

Current thread (0x000001fc288d8860):  JavaThread "C2 CompilerThread0" daemon [_thread_in_native, id=22760, stack(0x0000003b36c00000,0x0000003b36d00000) (1024K)]


Current CompileTask:
C2:4618 2548       4       org.lombokweb.asm.ClassReader::readMethod (1070 bytes)

Stack: [0x0000003b36c00000,0x0000003b36d00000]
Native frames: (J=compiled Java code, j=interpreted, Vv=VM code, C=native code)
V  [jvm.dll+0x6d2449]
V  [jvm.dll+0x8ae341]
V  [jvm.dll+0x8b08be]
V  [jvm.dll+0x8b0fa3]
V  [jvm.dll+0x280c96]
V  [jvm.dll+0xc581d]
V  [jvm.dll+0xc5d53]
V  [jvm.dll+0x2f539d]
V  [jvm.dll+0x5fa00a]
V  [jvm.dll+0x252092]
V  [jvm.dll+0x24aa06]
V  [jvm.dll+0x2483a4]
V  [jvm.dll+0x1c89ee]
V  [jvm.dll+0x257d4d]
V  [jvm.dll+0x2562ea]
V  [jvm.dll+0x3f2d16]
V  [jvm.dll+0x857e6b]
V  [jvm.dll+0x6d0b0d]
C  [ucrtbase.dll+0x21bb2]
C  [KERNEL32.DLL+0x17374]
C  [ntdll.dll+0x4cc91]


---------------  P R O C E S S  ---------------

Threads class SMR info:
_java_thread_list=0x000001fc86a80eb0, length=18, elements={
0x000001fc2672b1d0, 0x000001fc288a4b50, 0x000001fc288a5f10, 0x000001fc288a7e00,
0x000001fc288a9d20, 0x000001fc288af320, 0x000001fc288d1260, 0x000001fc288d8860,
0x000001fc288dd3c0, 0x000001fc81c984e0, 0x000001fc81c977c0, 0x000001fc81c95060,
0x000001fc81c96aa0, 0x000001fc81c97130, 0x000001fc81c956f0, 0x000001fc81c97e50,
0x000001fc81c95d80, 0x000001fc81c96410
}

Java Threads: ( => current thread )
  0x000001fc2672b1d0 JavaThread "main"                              [_thread_blocked, id=21448, stack(0x0000003b36200000,0x0000003b36300000) (1024K)]
  0x000001fc288a4b50 JavaThread "Reference Handler"          daemon [_thread_blocked, id=22936, stack(0x0000003b36600000,0x0000003b36700000) (1024K)]
  0x000001fc288a5f10 JavaThread "Finalizer"                  daemon [_thread_blocked, id=22832, stack(0x0000003b36700000,0x0000003b36800000) (1024K)]
  0x000001fc288a7e00 JavaThread "Signal Dispatcher"          daemon [_thread_blocked, id=14864, stack(0x0000003b36800000,0x0000003b36900000) (1024K)]
  0x000001fc288a9d20 JavaThread "Attach Listener"            daemon [_thread_blocked, id=20988, stack(0x0000003b36900000,0x0000003b36a00000) (1024K)]
  0x000001fc288af320 JavaThread "Service Thread"             daemon [_thread_blocked, id=21164, stack(0x0000003b36a00000,0x0000003b36b00000) (1024K)]
  0x000001fc288d1260 JavaThread "Monitor Deflation Thread"   daemon [_thread_blocked, id=21440, stack(0x0000003b36b00000,0x0000003b36c00000) (1024K)]
=>0x000001fc288d8860 JavaThread "C2 CompilerThread0"         daemon [_thread_in_native, id=22760, stack(0x0000003b36c00000,0x0000003b36d00000) (1024K)]
  0x000001fc288dd3c0 JavaThread "C1 CompilerThread0"         daemon [_thread_blocked, id=22032, stack(0x0000003b36d00000,0x0000003b36e00000) (1024K)]
  0x000001fc81c984e0 JavaThread "Common-Cleaner"             daemon [_thread_blocked, id=22716, stack(0x0000003b36e00000,0x0000003b36f00000) (1024K)]
  0x000001fc81c977c0 JavaThread "Notification Thread"        daemon [_thread_blocked, id=23068, stack(0x0000003b36f00000,0x0000003b37000000) (1024K)]
  0x000001fc81c95060 JavaThread "Active Thread: Equinox Container: d713243f-3311-45a4-b154-2a805a65dee8"        [_thread_blocked, id=22652, stack(0x0000003b37600000,0x0000003b37700000) (1024K)]
  0x000001fc81c96aa0 JavaThread "Framework Event Dispatcher: Equinox Container: d713243f-3311-45a4-b154-2a805a65dee8" daemon [_thread_blocked, id=22648, stack(0x0000003b37700000,0x0000003b37800000) (1024K)]
  0x000001fc81c97130 JavaThread "Start Level: Equinox Container: d713243f-3311-45a4-b154-2a805a65dee8" daemon [_thread_in_native, id=8844, stack(0x0000003b37800000,0x0000003b37900000) (1024K)]
  0x000001fc81c956f0 JavaThread "SCR Component Actor"        daemon [_thread_blocked, id=22692, stack(0x0000003b37a00000,0x0000003b37b00000) (1024K)]
  0x000001fc81c97e50 JavaThread "Worker-JM"                         [_thread_blocked, id=22680, stack(0x0000003b37b00000,0x0000003b37c00000) (1024K)]
  0x000001fc81c95d80 JavaThread "Worker-0"                          [_thread_blocked, id=20504, stack(0x0000003b37c00000,0x0000003b37d00000) (1024K)]
  0x000001fc81c96410 JavaThread "Worker-1"                          [_thread_blocked, id=12908, stack(0x0000003b37d00000,0x0000003b37e00000) (1024K)]
Total: 18

Other Threads:
  0x000001fc289f4730 VMThread "VM Thread"                           [id=22320, stack(0x0000003b36500000,0x0000003b36600000) (1024K)]
  0x000001fc289a25a0 WatcherThread "VM Periodic Task Thread"        [id=22028, stack(0x0000003b36400000,0x0000003b36500000) (1024K)]
  0x000001fc28955420 WorkerThread "GC Thread#0"                     [id=20476, stack(0x0000003b36300000,0x0000003b36400000) (1024K)]
  0x000001fc862e5070 WorkerThread "GC Thread#1"                     [id=23056, stack(0x0000003b37000000,0x0000003b37100000) (1024K)]
  0x000001fc862e5410 WorkerThread "GC Thread#2"                     [id=23516, stack(0x0000003b37100000,0x0000003b37200000) (1024K)]
  0x000001fc861f18a0 WorkerThread "GC Thread#3"                     [id=13628, stack(0x0000003b37200000,0x0000003b37300000) (1024K)]
  0x000001fc861f1c40 WorkerThread "GC Thread#4"                     [id=10732, stack(0x0000003b37300000,0x0000003b37400000) (1024K)]
  0x000001fc86204460 WorkerThread "GC Thread#5"                     [id=23488, stack(0x0000003b37400000,0x0000003b37500000) (1024K)]
  0x000001fc86204800 WorkerThread "GC Thread#6"                     [id=5100, stack(0x0000003b37500000,0x0000003b37600000) (1024K)]
  0x000001fc867a2da0 WorkerThread "GC Thread#7"                     [id=8676, stack(0x0000003b37900000,0x0000003b37a00000) (1024K)]
Total: 10

Threads with active compile tasks:
C2 CompilerThread0  4640 2548       4       org.lombokweb.asm.ClassReader::readMethod (1070 bytes)
Total: 1

VM state: not at safepoint (normal execution)

VM Mutex/Monitor currently owned by a thread: None

Heap address: 0x0000000080000000, size: 2048 MB, Compressed Oops mode: 32-bit

CDS archive(s) mapped at: [0x000001fc40000000-0x000001fc40ba0000-0x000001fc40ba0000), size 12189696, SharedBaseAddress: 0x000001fc40000000, ArchiveRelocationMode: 1.
Compressed class space mapped at: 0x000001fc41000000-0x000001fc81000000, reserved size: 1073741824
Narrow klass base: 0x000001fc40000000, Narrow klass shift: 0, Narrow klass range: 0x100000000

GC Precious Log:
 CardTable entry size: 512
 CPUs: 8 total, 8 available
 Memory: 7914M
 Large Page Support: Disabled
 NUMA Support: Disabled
 Compressed Oops: Enabled (32-bit)
 Alignments: Space 512K, Generation 512K, Heap 2M
 Heap Min Capacity: 100M
 Heap Initial Capacity: 100M
 Heap Max Capacity: 2G
 Pre-touch: Disabled
 Parallel Workers: 8

Heap:
 PSYoungGen      total 29184K, used 17337K [0x00000000d5580000, 0x00000000d7900000, 0x0000000100000000)
  eden space 25088K, 52% used [0x00000000d5580000,0x00000000d6271b40,0x00000000d6e00000)
  from space 4096K, 99% used [0x00000000d6e80000,0x00000000d727cb30,0x00000000d7280000)
  to   space 5632K, 0% used [0x00000000d7380000,0x00000000d7380000,0x00000000d7900000)
 ParOldGen       total 68608K, used 5579K [0x0000000080000000, 0x0000000084300000, 0x00000000d5580000)
  object space 68608K, 8% used [0x0000000080000000,0x0000000080572ca8,0x0000000084300000)
 Metaspace       used 20408K, committed 21056K, reserved 1114112K
  class space    used 1974K, committed 2240K, reserved 1048576K

Card table byte_map: [0x000001fc282e0000,0x000001fc286f0000] _byte_map_base: 0x000001fc27ee0000

Marking Bits: (ParMarkBitMap*) 0x00007fff088fa340
 Begin Bits: [0x000001fc3ade0000, 0x000001fc3cde0000)
 End Bits:   [0x000001fc3cde0000, 0x000001fc3ede0000)

Polling page: 0x000001fc266e0000

Metaspace:

Usage:
  Non-class:     18.01 MB used.
      Class:      1.93 MB used.
       Both:     19.94 MB used.

Virtual space:
  Non-class space:       64.00 MB reserved,      18.38 MB ( 29%) committed,  1 nodes.
      Class space:        1.00 GB reserved,       2.19 MB ( <1%) committed,  1 nodes.
             Both:        1.06 GB reserved,      20.56 MB (  2%) committed. 

Chunk freelists:
   Non-Class:  12.75 MB
       Class:  13.82 MB
        Both:  26.57 MB

MaxMetaspaceSize: unlimited
CompressedClassSpaceSize: 1.00 GB
Initial GC threshold: 21.00 MB
Current GC threshold: 21.00 MB
CDS: on
 - commit_granule_bytes: 65536.
 - commit_granule_words: 8192.
 - virtual_space_node_default_size: 8388608.
 - enlarge_chunks_in_place: 1.
 - use_allocation_guard: 0.


Internal statistics:

num_allocs_failed_limit: 0.
num_arena_births: 478.
num_arena_deaths: 0.
num_vsnodes_births: 2.
num_vsnodes_deaths: 0.
num_space_committed: 329.
num_space_uncommitted: 0.
num_chunks_returned_to_freelist: 0.
num_chunks_taken_from_freelist: 1229.
num_chunk_merges: 0.
num_chunk_splits: 808.
num_chunks_enlarged: 533.
num_inconsistent_stats: 0.

CodeHeap 'non-profiled nmethods': size=120000Kb used=1019Kb max_used=1019Kb free=118980Kb
 bounds [0x000001fc33600000, 0x000001fc33870000, 0x000001fc3ab30000]
CodeHeap 'profiled nmethods': size=120000Kb used=5034Kb max_used=5034Kb free=114965Kb
 bounds [0x000001fc2bb30000, 0x000001fc2c020000, 0x000001fc33060000]
CodeHeap 'non-nmethods': size=5760Kb used=1315Kb max_used=1318Kb free=4445Kb
 bounds [0x000001fc33060000, 0x000001fc332d0000, 0x000001fc33600000]
CodeCache: size=245760Kb, used=7368Kb, max_used=7371Kb, free=238390Kb
 total_blobs=3169, nmethods=2583, adapters=492, full_count=0
Compilation: enabled, stopped_count=0, restarted_count=0

Compilation events (20 events):
Event: 4.521 Thread 0x000001fc288dd3c0 nmethod 2542 0x000001fc336fe790 code [0x000001fc336fe920, 0x000001fc336fe9e8]
Event: 4.521 Thread 0x000001fc288d8860 2545       4       java.util.WeakHashMap::hash (28 bytes)
Event: 4.522 Thread 0x000001fc288d8860 nmethod 2545 0x000001fc336fea90 code [0x000001fc336fec20, 0x000001fc336fed58]
Event: 4.532 Thread 0x000001fc288dd3c0 2546   !   3       org.eclipse.osgi.framework.util.SecureAction::start (61 bytes)
Event: 4.532 Thread 0x000001fc288dd3c0 nmethod 2546 0x000001fc2bff4e90 code [0x000001fc2bff5060, 0x000001fc2bff5328]
Event: 4.537 Thread 0x000001fc288dd3c0 2547       3       org.lombokweb.asm.SymbolTable::hash (14 bytes)
Event: 4.537 Thread 0x000001fc288dd3c0 nmethod 2547 0x000001fc2bff5490 code [0x000001fc2bff5620, 0x000001fc2bff5728]
Event: 4.538 Thread 0x000001fc288d8860 2548       4       org.lombokweb.asm.ClassReader::readMethod (1070 bytes)
Event: 4.539 Thread 0x000001fc288dd3c0 2550       3       org.lombokweb.asm.MethodWriter::visitFrame (811 bytes)
Event: 4.540 Thread 0x000001fc288dd3c0 nmethod 2550 0x000001fc2bff5790 code [0x000001fc2bff5ce0, 0x000001fc2bff7f50]
Event: 4.540 Thread 0x000001fc288dd3c0 2552       3       org.lombokweb.asm.ClassReader::readStackMapFrame (535 bytes)
Event: 4.541 Thread 0x000001fc288dd3c0 nmethod 2552 0x000001fc2bff8e90 code [0x000001fc2bff9140, 0x000001fc2bffa110]
Event: 4.541 Thread 0x000001fc288dd3c0 2551       3       org.lombokweb.asm.Label::put (83 bytes)
Event: 4.541 Thread 0x000001fc288dd3c0 nmethod 2551 0x000001fc2bffa710 code [0x000001fc2bffa940, 0x000001fc2bffad70]
Event: 4.541 Thread 0x000001fc288dd3c0 2553       3       org.lombokweb.asm.MethodWriter::visitJumpInsn (495 bytes)
Event: 4.542 Thread 0x000001fc288dd3c0 nmethod 2553 0x000001fc2bffaf10 code [0x000001fc2bffb260, 0x000001fc2bffc268]
Event: 4.543 Thread 0x000001fc288dd3c0 2554       3       org.lombokweb.asm.ByteVector::putByteArray (49 bytes)
Event: 4.543 Thread 0x000001fc288dd3c0 nmethod 2554 0x000001fc2bffc890 code [0x000001fc2bffca60, 0x000001fc2bffcd28]
Event: 4.588 Thread 0x000001fc288dd3c0 2558       3       org.eclipse.core.internal.registry.ConfigurationElementHandle::getConfigurationElement (18 bytes)
Event: 4.589 Thread 0x000001fc288dd3c0 nmethod 2558 0x000001fc2bffce90 code [0x000001fc2bffd060, 0x000001fc2bffd4d0]

GC Heap History (10 events):
Event: 2.039 GC heap before
{Heap before GC invocations=1 (full 0):
 PSYoungGen      total 29696K, used 25600K [0x00000000d5580000, 0x00000000d7680000, 0x0000000100000000)
  eden space 25600K, 100% used [0x00000000d5580000,0x00000000d6e80000,0x00000000d6e80000)
  from space 4096K, 0% used [0x00000000d7280000,0x00000000d7280000,0x00000000d7680000)
  to   space 4096K, 0% used [0x00000000d6e80000,0x00000000d6e80000,0x00000000d7280000)
 ParOldGen       total 68608K, used 0K [0x0000000080000000, 0x0000000084300000, 0x00000000d5580000)
  object space 68608K, 0% used [0x0000000080000000,0x0000000080000000,0x0000000084300000)
 Metaspace       used 4337K, committed 4544K, reserved 1114112K
  class space    used 473K, committed 576K, reserved 1048576K
}
Event: 2.064 GC heap after
{Heap after GC invocations=1 (full 0):
 PSYoungGen      total 29696K, used 3303K [0x00000000d5580000, 0x00000000d7680000, 0x0000000100000000)
  eden space 25600K, 0% used [0x00000000d5580000,0x00000000d5580000,0x00000000d6e80000)
  from space 4096K, 80% used [0x00000000d6e80000,0x00000000d71b9e98,0x00000000d7280000)
  to   space 4096K, 0% used [0x00000000d7280000,0x00000000d7280000,0x00000000d7680000)
 ParOldGen       total 68608K, used 16K [0x0000000080000000, 0x0000000084300000, 0x00000000d5580000)
  object space 68608K, 0% used [0x0000000080000000,0x0000000080004000,0x0000000084300000)
 Metaspace       used 4337K, committed 4544K, reserved 1114112K
  class space    used 473K, committed 576K, reserved 1048576K
}
Event: 2.499 GC heap before
{Heap before GC invocations=2 (full 0):
 PSYoungGen      total 29696K, used 28903K [0x00000000d5580000, 0x00000000d7680000, 0x0000000100000000)
  eden space 25600K, 100% used [0x00000000d5580000,0x00000000d6e80000,0x00000000d6e80000)
  from space 4096K, 80% used [0x00000000d6e80000,0x00000000d71b9e98,0x00000000d7280000)
  to   space 4096K, 0% used [0x00000000d7280000,0x00000000d7280000,0x00000000d7680000)
 ParOldGen       total 68608K, used 16K [0x0000000080000000, 0x0000000084300000, 0x00000000d5580000)
  object space 68608K, 0% used [0x0000000080000000,0x0000000080004000,0x0000000084300000)
 Metaspace       used 8118K, committed 8448K, reserved 1114112K
  class space    used 868K, committed 1024K, reserved 1048576K
}
Event: 2.503 GC heap after
{Heap after GC invocations=2 (full 0):
 PSYoungGen      total 29696K, used 4092K [0x00000000d5580000, 0x00000000d7680000, 0x0000000100000000)
  eden space 25600K, 0% used [0x00000000d5580000,0x00000000d5580000,0x00000000d6e80000)
  from space 4096K, 99% used [0x00000000d7280000,0x00000000d767f008,0x00000000d7680000)
  to   space 4096K, 0% used [0x00000000d6e80000,0x00000000d6e80000,0x00000000d7280000)
 ParOldGen       total 68608K, used 881K [0x0000000080000000, 0x0000000084300000, 0x00000000d5580000)
  object space 68608K, 1% used [0x0000000080000000,0x00000000800dc698,0x0000000084300000)
 Metaspace       used 8118K, committed 8448K, reserved 1114112K
  class space    used 868K, committed 1024K, reserved 1048576K
}
Event: 3.096 GC heap before
{Heap before GC invocations=3 (full 0):
 PSYoungGen      total 29696K, used 29692K [0x00000000d5580000, 0x00000000d7680000, 0x0000000100000000)
  eden space 25600K, 100% used [0x00000000d5580000,0x00000000d6e80000,0x00000000d6e80000)
  from space 4096K, 99% used [0x00000000d7280000,0x00000000d767f008,0x00000000d7680000)
  to   space 4096K, 0% used [0x00000000d6e80000,0x00000000d6e80000,0x00000000d7280000)
 ParOldGen       total 68608K, used 881K [0x0000000080000000, 0x0000000084300000, 0x00000000d5580000)
  object space 68608K, 1% used [0x0000000080000000,0x00000000800dc698,0x0000000084300000)
 Metaspace       used 12905K, committed 13376K, reserved 1114112K
  class space    used 1371K, committed 1600K, reserved 1048576K
}
Event: 3.101 GC heap after
{Heap after GC invocations=3 (full 0):
 PSYoungGen      total 29696K, used 4086K [0x00000000d5580000, 0x00000000d7680000, 0x0000000100000000)
  eden space 25600K, 0% used [0x00000000d5580000,0x00000000d5580000,0x00000000d6e80000)
  from space 4096K, 99% used [0x00000000d6e80000,0x00000000d727d8f8,0x00000000d7280000)
  to   space 4096K, 0% used [0x00000000d7280000,0x00000000d7280000,0x00000000d7680000)
 ParOldGen       total 68608K, used 2692K [0x0000000080000000, 0x0000000084300000, 0x00000000d5580000)
  object space 68608K, 3% used [0x0000000080000000,0x00000000802a13e0,0x0000000084300000)
 Metaspace       used 12905K, committed 13376K, reserved 1114112K
  class space    used 1371K, committed 1600K, reserved 1048576K
}
Event: 3.525 GC heap before
{Heap before GC invocations=4 (full 0):
 PSYoungGen      total 29696K, used 29686K [0x00000000d5580000, 0x00000000d7680000, 0x0000000100000000)
  eden space 25600K, 100% used [0x00000000d5580000,0x00000000d6e80000,0x00000000d6e80000)
  from space 4096K, 99% used [0x00000000d6e80000,0x00000000d727d8f8,0x00000000d7280000)
  to   space 4096K, 0% used [0x00000000d7280000,0x00000000d7280000,0x00000000d7680000)
 ParOldGen       total 68608K, used 2692K [0x0000000080000000, 0x0000000084300000, 0x00000000d5580000)
  object space 68608K, 3% used [0x0000000080000000,0x00000000802a13e0,0x0000000084300000)
 Metaspace       used 15896K, committed 16512K, reserved 1114112K
  class space    used 1659K, committed 1920K, reserved 1048576K
}
Event: 3.530 GC heap after
{Heap after GC invocations=4 (full 0):
 PSYoungGen      total 29696K, used 4081K [0x00000000d5580000, 0x00000000d7680000, 0x0000000100000000)
  eden space 25600K, 0% used [0x00000000d5580000,0x00000000d5580000,0x00000000d6e80000)
  from space 4096K, 99% used [0x00000000d7280000,0x00000000d767c750,0x00000000d7680000)
  to   space 4096K, 0% used [0x00000000d6e80000,0x00000000d6e80000,0x00000000d7280000)
 ParOldGen       total 68608K, used 5055K [0x0000000080000000, 0x0000000084300000, 0x00000000d5580000)
  object space 68608K, 7% used [0x0000000080000000,0x00000000804efda0,0x0000000084300000)
 Metaspace       used 15896K, committed 16512K, reserved 1114112K
  class space    used 1659K, committed 1920K, reserved 1048576K
}
Event: 4.581 GC heap before
{Heap before GC invocations=5 (full 0):
 PSYoungGen      total 29696K, used 29681K [0x00000000d5580000, 0x00000000d7680000, 0x0000000100000000)
  eden space 25600K, 100% used [0x00000000d5580000,0x00000000d6e80000,0x00000000d6e80000)
  from space 4096K, 99% used [0x00000000d7280000,0x00000000d767c750,0x00000000d7680000)
  to   space 4096K, 0% used [0x00000000d6e80000,0x00000000d6e80000,0x00000000d7280000)
 ParOldGen       total 68608K, used 5055K [0x0000000080000000, 0x0000000084300000, 0x00000000d5580000)
  object space 68608K, 7% used [0x0000000080000000,0x00000000804efda0,0x0000000084300000)
 Metaspace       used 20086K, committed 20736K, reserved 1114112K
  class space    used 1965K, committed 2240K, reserved 1048576K
}
Event: 4.586 GC heap after
{Heap after GC invocations=5 (full 0):
 PSYoungGen      total 29184K, used 4082K [0x00000000d5580000, 0x00000000d7900000, 0x0000000100000000)
  eden space 25088K, 0% used [0x00000000d5580000,0x00000000d5580000,0x00000000d6e00000)
  from space 4096K, 99% used [0x00000000d6e80000,0x00000000d727cb30,0x00000000d7280000)
  to   space 5632K, 0% used [0x00000000d7380000,0x00000000d7380000,0x00000000d7900000)
 ParOldGen       total 68608K, used 5579K [0x0000000080000000, 0x0000000084300000, 0x00000000d5580000)
  object space 68608K, 8% used [0x0000000080000000,0x0000000080572ca8,0x0000000084300000)
 Metaspace       used 20086K, committed 20736K, reserved 1114112K
  class space    used 1965K, committed 2240K, reserved 1048576K
}

Dll operation events (9 events):
Event: 0.019 Loaded shared library c:\Users\admin\.vscode\extensions\redhat.java-1.47.0-win32-x64\jre\21.0.8-win32-x86_64\bin\java.dll
Event: 0.130 Loaded shared library c:\Users\admin\.vscode\extensions\redhat.java-1.47.0-win32-x64\jre\21.0.8-win32-x86_64\bin\zip.dll
Event: 0.157 Loaded shared library C:\Users\admin\.vscode\extensions\redhat.java-1.47.0-win32-x64\jre\21.0.8-win32-x86_64\bin\instrument.dll
Event: 0.163 Loaded shared library C:\Users\admin\.vscode\extensions\redhat.java-1.47.0-win32-x64\jre\21.0.8-win32-x86_64\bin\net.dll
Event: 0.166 Loaded shared library C:\Users\admin\.vscode\extensions\redhat.java-1.47.0-win32-x64\jre\21.0.8-win32-x86_64\bin\nio.dll
Event: 0.169 Loaded shared library C:\Users\admin\.vscode\extensions\redhat.java-1.47.0-win32-x64\jre\21.0.8-win32-x86_64\bin\zip.dll
Event: 0.190 Loaded shared library C:\Users\admin\.vscode\extensions\redhat.java-1.47.0-win32-x64\jre\21.0.8-win32-x86_64\bin\jimage.dll
Event: 0.291 Loaded shared library c:\Users\admin\.vscode\extensions\redhat.java-1.47.0-win32-x64\jre\21.0.8-win32-x86_64\bin\verify.dll
Event: 2.485 Loaded shared library C:\Users\admin\AppData\Roaming\Code\User\globalStorage\redhat.java\1.47.0\config_ss_win\org.eclipse.equinox.launcher\org.eclipse.equinox.launcher.win32.win32.x86_64_1.2.1400.v20250801-0854\eclipse_11916.dll

Deoptimization events (20 events):
Event: 3.387 Thread 0x000001fc81c97130 DEOPT PACKING pc=0x000001fc336dc8a0 sp=0x0000003b378ef6a0
Event: 3.387 Thread 0x000001fc81c97130 DEOPT UNPACKING pc=0x000001fc330b6da2 sp=0x0000003b378ef690 mode 2
Event: 3.387 Thread 0x000001fc81c97130 Uncommon trap: trap_request=0xffffffde fr.pc=0x000001fc336dbb14 relative=0x00000000000003b4
Event: 3.387 Thread 0x000001fc81c97130 Uncommon trap: reason=class_check action=maybe_recompile pc=0x000001fc336dbb14 method=java.util.regex.Pattern$BmpCharPropertyGreedy.match(Ljava/util/regex/Matcher;ILjava/lang/CharSequence;)Z @ 70 c2
Event: 3.387 Thread 0x000001fc81c97130 DEOPT PACKING pc=0x000001fc336dbb14 sp=0x0000003b378ef320
Event: 3.387 Thread 0x000001fc81c97130 DEOPT UNPACKING pc=0x000001fc330b6da2 sp=0x0000003b378ef2c8 mode 2
Event: 3.387 Thread 0x000001fc81c97130 Uncommon trap: trap_request=0xffffffde fr.pc=0x000001fc336dbb14 relative=0x00000000000003b4
Event: 3.387 Thread 0x000001fc81c97130 Uncommon trap: reason=class_check action=maybe_recompile pc=0x000001fc336dbb14 method=java.util.regex.Pattern$BmpCharPropertyGreedy.match(Ljava/util/regex/Matcher;ILjava/lang/CharSequence;)Z @ 70 c2
Event: 3.387 Thread 0x000001fc81c97130 DEOPT PACKING pc=0x000001fc336dbb14 sp=0x0000003b378ef170
Event: 3.387 Thread 0x000001fc81c97130 DEOPT UNPACKING pc=0x000001fc330b6da2 sp=0x0000003b378ef118 mode 2
Event: 3.549 Thread 0x000001fc81c97130 DEOPT PACKING pc=0x000001fc2bee8cd6 sp=0x0000003b378f4c70
Event: 3.549 Thread 0x000001fc81c97130 DEOPT UNPACKING pc=0x000001fc330b78e2 sp=0x0000003b378f4180 mode 0
Event: 4.517 Thread 0x000001fc81c97130 Uncommon trap: trap_request=0xffffff45 fr.pc=0x000001fc336fe024 relative=0x0000000000000184
Event: 4.517 Thread 0x000001fc81c97130 Uncommon trap: reason=unstable_if action=reinterpret pc=0x000001fc336fe024 method=org.lombokweb.asm.ByteVector.putByteArray([BII)Lorg/lombokweb/asm/ByteVector; @ 20 c2
Event: 4.517 Thread 0x000001fc81c97130 DEOPT PACKING pc=0x000001fc336fe024 sp=0x0000003b378ee850
Event: 4.517 Thread 0x000001fc81c97130 DEOPT UNPACKING pc=0x000001fc330b6da2 sp=0x0000003b378ee820 mode 2
Event: 4.517 Thread 0x000001fc81c97130 Uncommon trap: trap_request=0xffffff45 fr.pc=0x000001fc336fd524 relative=0x0000000000000364
Event: 4.517 Thread 0x000001fc81c97130 Uncommon trap: reason=unstable_if action=reinterpret pc=0x000001fc336fd524 method=org.lombokweb.asm.Label.resolve([BLorg/lombokweb/asm/ByteVector;I)Z @ 81 c2
Event: 4.517 Thread 0x000001fc81c97130 DEOPT PACKING pc=0x000001fc336fd524 sp=0x0000003b378ee8e0
Event: 4.517 Thread 0x000001fc81c97130 DEOPT UNPACKING pc=0x000001fc330b6da2 sp=0x0000003b378ee7e8 mode 2

Classes loaded (20 events):
Event: 3.399 Loading class java/io/StringReader
Event: 3.400 Loading class java/io/StringReader done
Event: 3.402 Loading class java/util/zip/GZIPInputStream
Event: 3.402 Loading class java/util/zip/GZIPInputStream done
Event: 3.421 Loading class java/net/SocketTimeoutException
Event: 3.429 Loading class java/io/InterruptedIOException
Event: 3.429 Loading class java/io/InterruptedIOException done
Event: 3.429 Loading class java/net/SocketTimeoutException done
Event: 3.429 Loading class java/net/SocketException
Event: 3.429 Loading class java/net/SocketException done
Event: 3.429 Loading class java/net/UnknownHostException
Event: 3.429 Loading class java/net/UnknownHostException done
Event: 3.429 Loading class java/net/ProtocolException
Event: 3.429 Loading class java/net/ProtocolException done
Event: 3.488 Loading class java/lang/ThreadLocal$SuppliedThreadLocal
Event: 3.488 Loading class java/lang/ThreadLocal$SuppliedThreadLocal done
Event: 3.493 Loading class java/io/FileWriter
Event: 3.493 Loading class java/io/FileWriter done
Event: 3.549 Loading class java/lang/NegativeArraySizeException
Event: 3.549 Loading class java/lang/NegativeArraySizeException done

Classes unloaded (0 events):
No events

Classes redefined (0 events):
No events

Internal exceptions (20 events):
Event: 3.157 Thread 0x000001fc81c97130 Exception <a 'java/io/FileNotFoundException'{0x00000000d57c55d8}> (0x00000000d57c55d8) 
thrown [s\src\hotspot\share\prims\jni.cpp, line 520]
Event: 3.160 Thread 0x000001fc81c97130 Exception <a 'java/io/FileNotFoundException'{0x00000000d57cc240}> (0x00000000d57cc240) 
thrown [s\src\hotspot\share\prims\jni.cpp, line 520]
Event: 3.265 Thread 0x000001fc81c97130 Exception <a 'java/lang/NoSuchMethodError'{0x00000000d5d1f940}: 'java.lang.Object java.lang.invoke.DirectMethodHandle$Holder.newInvokeSpecial(java.lang.Object, java.lang.Object, java.lang.Object, java.lang.Object, java.lang.Object)'> (0x00000000d5d1f940) 
thrown [s\src\hotspot\share\interpreter\linkResolver.cpp, line 773]
Event: 3.282 Thread 0x000001fc81c97130 Exception <a 'java/lang/NoSuchMethodError'{0x00000000d5dff9b8}: 'java.lang.Object java.lang.invoke.DirectMethodHandle$Holder.invokeSpecial(java.lang.Object, java.lang.Object, java.lang.Object, long, java.lang.Object)'> (0x00000000d5dff9b8) 
thrown [s\src\hotspot\share\interpreter\linkResolver.cpp, line 773]
Event: 3.283 Thread 0x000001fc81c97130 Exception <a 'java/lang/NoSuchMethodError'{0x00000000d5e07200}: 'java.lang.Object java.lang.invoke.DirectMethodHandle$Holder.newInvokeSpecial(java.lang.Object, java.lang.Object, java.lang.Object, long)'> (0x00000000d5e07200) 
thrown [s\src\hotspot\share\interpreter\linkResolver.cpp, line 773]
Event: 3.283 Thread 0x000001fc81c97130 Exception <a 'java/lang/NoSuchMethodError'{0x00000000d5e0b530}: 'java.lang.Object java.lang.invoke.DirectMethodHandle$Holder.invokeSpecial(java.lang.Object, java.lang.Object, java.lang.Object, java.lang.Object, long)'> (0x00000000d5e0b530) 
thrown [s\src\hotspot\share\interpreter\linkResolver.cpp, line 773]
Event: 3.284 Thread 0x000001fc81c97130 Exception <a 'java/lang/NoSuchMethodError'{0x00000000d5e0f150}: 'java.lang.Object java.lang.invoke.Invokers$Holder.linkToTargetMethod(java.lang.Object, java.lang.Object, long, java.lang.Object)'> (0x00000000d5e0f150) 
thrown [s\src\hotspot\share\interpreter\linkResolver.cpp, line 773]
Event: 3.297 Thread 0x000001fc81c97130 Exception <a 'java/lang/NoSuchMethodError'{0x00000000d5e80ef0}: 'int java.lang.invoke.DirectMethodHandle$Holder.invokeStaticInit(java.lang.Object, java.lang.Object, java.lang.Object)'> (0x00000000d5e80ef0) 
thrown [s\src\hotspot\share\interpreter\linkResolver.cpp, line 773]
Event: 3.311 Thread 0x000001fc81c97130 Exception <a 'java/lang/IncompatibleClassChangeError'{0x00000000d5f11a10}: Found class java.lang.Object, but interface was expected> (0x00000000d5f11a10) 
thrown [s\src\hotspot\share\interpreter\linkResolver.cpp, line 840]
Event: 3.312 Thread 0x000001fc81c97130 Exception <a 'java/lang/NoSuchMethodError'{0x00000000d5f15558}: 'java.lang.Object java.lang.invoke.DirectMethodHandle$Holder.invokeSpecial(java.lang.Object, java.lang.Object, java.lang.Object, int, java.lang.Object, java.lang.Object)'> (0x00000000d5f15558) 
thrown [s\src\hotspot\share\interpreter\linkResolver.cpp, line 773]
Event: 3.312 Thread 0x000001fc81c97130 Exception <a 'java/lang/NoSuchMethodError'{0x00000000d5f1d030}: 'java.lang.Object java.lang.invoke.DirectMethodHandle$Holder.newInvokeSpecial(java.lang.Object, java.lang.Object, java.lang.Object, int, java.lang.Object)'> (0x00000000d5f1d030) 
thrown [s\src\hotspot\share\interpreter\linkResolver.cpp, line 773]
Event: 3.312 Thread 0x000001fc81c97130 Exception <a 'java/lang/NoSuchMethodError'{0x00000000d5f2f058}: 'java.lang.Object java.lang.invoke.DirectMethodHandle$Holder.invokeSpecial(java.lang.Object, java.lang.Object, java.lang.Object, java.lang.Object, int, java.lang.Object)'> (0x00000000d5f2f058) 
thrown [s\src\hotspot\share\interpreter\linkResolver.cpp, line 773]
Event: 3.312 Thread 0x000001fc81c97130 Exception <a 'java/lang/NoSuchMethodError'{0x00000000d5f32b98}: 'java.lang.Object java.lang.invoke.Invokers$Holder.linkToTargetMethod(java.lang.Object, java.lang.Object, int, java.lang.Object, java.lang.Object)'> (0x00000000d5f32b98) 
thrown [s\src\hotspot\share\interpreter\linkResolver.cpp, line 773]
Event: 3.313 Thread 0x000001fc81c95d80 Exception <a 'java/lang/NoSuchMethodError'{0x00000000d5e56798}: 'java.lang.Object java.lang.invoke.DirectMethodHandle$Holder.invokeSpecial(java.lang.Object, java.lang.Object, int, java.lang.Object, java.lang.Object)'> (0x00000000d5e56798) 
thrown [s\src\hotspot\share\interpreter\linkResolver.cpp, line 773]
Event: 3.313 Thread 0x000001fc81c95d80 Exception <a 'java/lang/NoSuchMethodError'{0x00000000d5e5d4d0}: 'java.lang.Object java.lang.invoke.DirectMethodHandle$Holder.newInvokeSpecial(java.lang.Object, java.lang.Object, int, java.lang.Object)'> (0x00000000d5e5d4d0) 
thrown [s\src\hotspot\share\interpreter\linkResolver.cpp, line 773]
Event: 3.313 Thread 0x000001fc81c95d80 Exception <a 'java/lang/NoSuchMethodError'{0x00000000d5e60df0}: 'java.lang.Object java.lang.invoke.DirectMethodHandle$Holder.invokeSpecial(java.lang.Object, java.lang.Object, java.lang.Object, int, java.lang.Object)'> (0x00000000d5e60df0) 
thrown [s\src\hotspot\share\interpreter\linkResolver.cpp, line 773]
Event: 3.331 Thread 0x000001fc81c97130 Exception <a 'java/lang/NoSuchMethodError'{0x00000000d6070220}: 'void java.lang.invoke.DirectMethodHandle$Holder.invokeSpecial(java.lang.Object, java.lang.Object, java.lang.Object, java.lang.Object, java.lang.Object)'> (0x00000000d6070220) 
thrown [s\src\hotspot\share\interpreter\linkResolver.cpp, line 773]
Event: 3.373 Thread 0x000001fc81c97130 Exception <a 'java/lang/NoSuchMethodError'{0x00000000d6279400}: 'double java.lang.invoke.DirectMethodHandle$Holder.invokeStatic(java.lang.Object, java.lang.Object)'> (0x00000000d6279400) 
thrown [s\src\hotspot\share\interpreter\linkResolver.cpp, line 773]
Event: 3.373 Thread 0x000001fc81c97130 Exception <a 'java/lang/NoSuchMethodError'{0x00000000d627cac0}: 'double java.lang.invoke.DirectMethodHandle$Holder.invokeStaticInit(java.lang.Object, java.lang.Object)'> (0x00000000d627cac0) 
thrown [s\src\hotspot\share\interpreter\linkResolver.cpp, line 773]
Event: 4.517 Thread 0x000001fc81c97130 Implicit null exception at 0x000001fc336fdef5 to 0x000001fc336fe008

ZGC Phase Switch (0 events):
No events

VM Operations (20 events):
Event: 2.389 Executing VM operation: HandshakeAllThreads (Deoptimize)
Event: 2.389 Executing VM operation: HandshakeAllThreads (Deoptimize) done
Event: 2.499 Executing VM operation: ParallelGCFailedAllocation (Allocation Failure)
Event: 2.503 Executing VM operation: ParallelGCFailedAllocation (Allocation Failure) done
Event: 2.650 Executing VM operation: HandshakeAllThreads (Deoptimize)
Event: 2.650 Executing VM operation: HandshakeAllThreads (Deoptimize) done
Event: 2.895 Executing VM operation: HandshakeAllThreads (Deoptimize)
Event: 2.895 Executing VM operation: HandshakeAllThreads (Deoptimize) done
Event: 3.096 Executing VM operation: ParallelGCFailedAllocation (Allocation Failure)
Event: 3.101 Executing VM operation: ParallelGCFailedAllocation (Allocation Failure) done
Event: 3.178 Executing VM operation: HandshakeAllThreads (Deoptimize)
Event: 3.178 Executing VM operation: HandshakeAllThreads (Deoptimize) done
Event: 3.184 Executing VM operation: HandshakeAllThreads (Deoptimize)
Event: 3.184 Executing VM operation: HandshakeAllThreads (Deoptimize) done
Event: 3.204 Executing VM operation: HandshakeAllThreads (Deoptimize)
Event: 3.204 Executing VM operation: HandshakeAllThreads (Deoptimize) done
Event: 3.524 Executing VM operation: ParallelGCFailedAllocation (Allocation Failure)
Event: 3.530 Executing VM operation: ParallelGCFailedAllocation (Allocation Failure) done
Event: 4.581 Executing VM operation: ParallelGCFailedAllocation (Allocation Failure)
Event: 4.586 Executing VM operation: ParallelGCFailedAllocation (Allocation Failure) done

Memory protections (0 events):
No events

Nmethod flushes (0 events):
No events

Events (18 events):
Event: 0.064 Thread 0x000001fc2672b1d0 Thread added: 0x000001fc2672b1d0
Event: 0.090 Thread 0x000001fc2672b1d0 Thread added: 0x000001fc288a4b50
Event: 0.090 Thread 0x000001fc2672b1d0 Thread added: 0x000001fc288a5f10
Event: 0.091 Thread 0x000001fc2672b1d0 Thread added: 0x000001fc288a7e00
Event: 0.091 Thread 0x000001fc2672b1d0 Thread added: 0x000001fc288a9d20
Event: 0.091 Thread 0x000001fc2672b1d0 Thread added: 0x000001fc288af320
Event: 0.091 Thread 0x000001fc2672b1d0 Thread added: 0x000001fc288d1260
Event: 0.091 Thread 0x000001fc2672b1d0 Thread added: 0x000001fc288d8860
Event: 0.091 Thread 0x000001fc2672b1d0 Thread added: 0x000001fc288dd3c0
Event: 0.117 Thread 0x000001fc2672b1d0 Thread added: 0x000001fc81c984e0
Event: 0.399 Thread 0x000001fc2672b1d0 Thread added: 0x000001fc81c977c0
Event: 2.351 Thread 0x000001fc2672b1d0 Thread added: 0x000001fc81c95060
Event: 2.473 Thread 0x000001fc2672b1d0 Thread added: 0x000001fc81c96aa0
Event: 2.476 Thread 0x000001fc2672b1d0 Thread added: 0x000001fc81c97130
Event: 2.640 Thread 0x000001fc81c97130 Thread added: 0x000001fc81c956f0
Event: 2.936 Thread 0x000001fc81c97130 Thread added: 0x000001fc81c97e50
Event: 3.286 Thread 0x000001fc81c97130 Thread added: 0x000001fc81c95d80
Event: 3.313 Thread 0x000001fc81c97130 Thread added: 0x000001fc81c96410


Dynamic libraries:
0x00007ff715270000 - 0x00007ff71527e000 	c:\Users\admin\.vscode\extensions\redhat.java-1.47.0-win32-x64\jre\21.0.8-win32-x86_64\bin\java.exe
0x00007fff5bc50000 - 0x00007fff5be48000 	C:\Windows\SYSTEM32\ntdll.dll
0x00007fff59e20000 - 0x00007fff59ee2000 	C:\Windows\System32\KERNEL32.DLL
0x00007fff596a0000 - 0x00007fff5999e000 	C:\Windows\System32\KERNELBASE.dll
0x00007fff59a70000 - 0x00007fff59b70000 	C:\Windows\System32\ucrtbase.dll
0x00007fff52fc0000 - 0x00007fff52fde000 	c:\Users\admin\.vscode\extensions\redhat.java-1.47.0-win32-x64\jre\21.0.8-win32-x86_64\bin\VCRUNTIME140.dll
0x00007fff52ff0000 - 0x00007fff53008000 	c:\Users\admin\.vscode\extensions\redhat.java-1.47.0-win32-x64\jre\21.0.8-win32-x86_64\bin\jli.dll
0x00007fff5b8c0000 - 0x00007fff5ba5d000 	C:\Windows\System32\USER32.dll
0x00007fff593a0000 - 0x00007fff593c2000 	C:\Windows\System32\win32u.dll
0x00007fff3fe60000 - 0x00007fff400fa000 	C:\Windows\WinSxS\amd64_microsoft.windows.common-controls_6595b64144ccf1df_6.0.19041.4355_none_60b8b9eb71f62e16\COMCTL32.dll
0x00007fff5ba60000 - 0x00007fff5ba8b000 	C:\Windows\System32\GDI32.dll
0x00007fff59530000 - 0x00007fff59647000 	C:\Windows\System32\gdi32full.dll
0x00007fff599d0000 - 0x00007fff59a6d000 	C:\Windows\System32\msvcp_win.dll
0x00007fff5bb70000 - 0x00007fff5bc0e000 	C:\Windows\System32\msvcrt.dll
0x00007fff5aa70000 - 0x00007fff5aa9f000 	C:\Windows\System32\IMM32.DLL
0x00007fff531d0000 - 0x00007fff531dc000 	c:\Users\admin\.vscode\extensions\redhat.java-1.47.0-win32-x64\jre\21.0.8-win32-x86_64\bin\vcruntime140_1.dll
0x00007fff14520000 - 0x00007fff145ad000 	c:\Users\admin\.vscode\extensions\redhat.java-1.47.0-win32-x64\jre\21.0.8-win32-x86_64\bin\msvcp140.dll
0x00007fff07c40000 - 0x00007fff089d7000 	c:\Users\admin\.vscode\extensions\redhat.java-1.47.0-win32-x64\jre\21.0.8-win32-x86_64\bin\server\jvm.dll
0x00007fff5b0d0000 - 0x00007fff5b181000 	C:\Windows\System32\ADVAPI32.dll
0x00007fff5ab50000 - 0x00007fff5abef000 	C:\Windows\System32\sechost.dll
0x00007fff5b230000 - 0x00007fff5b353000 	C:\Windows\System32\RPCRT4.dll
0x00007fff599a0000 - 0x00007fff599c7000 	C:\Windows\System32\bcrypt.dll
0x00007fff5abf0000 - 0x00007fff5ac5b000 	C:\Windows\System32\WS2_32.dll
0x00007fff4b510000 - 0x00007fff4b537000 	C:\Windows\SYSTEM32\WINMM.dll
0x00007fff58800000 - 0x00007fff5884b000 	C:\Windows\SYSTEM32\POWRPROF.dll
0x00007fff52dc0000 - 0x00007fff52dca000 	C:\Windows\SYSTEM32\VERSION.dll
0x00007fff586b0000 - 0x00007fff586c2000 	C:\Windows\SYSTEM32\UMPDC.dll
0x00007fff57b20000 - 0x00007fff57b32000 	C:\Windows\SYSTEM32\kernel.appcore.dll
0x00007fff514a0000 - 0x00007fff514aa000 	c:\Users\admin\.vscode\extensions\redhat.java-1.47.0-win32-x64\jre\21.0.8-win32-x86_64\bin\jimage.dll
0x00007fff56ff0000 - 0x00007fff571d4000 	C:\Windows\SYSTEM32\DBGHELP.DLL
0x00007fff2c570000 - 0x00007fff2c5a4000 	C:\Windows\SYSTEM32\dbgcore.DLL
0x00007fff59b70000 - 0x00007fff59bf2000 	C:\Windows\System32\bcryptPrimitives.dll
0x00007fff37290000 - 0x00007fff3729f000 	c:\Users\admin\.vscode\extensions\redhat.java-1.47.0-win32-x64\jre\21.0.8-win32-x86_64\bin\instrument.dll
0x00007fff50260000 - 0x00007fff5027f000 	c:\Users\admin\.vscode\extensions\redhat.java-1.47.0-win32-x64\jre\21.0.8-win32-x86_64\bin\java.dll
0x00007fff59ef0000 - 0x00007fff5a65d000 	C:\Windows\System32\SHELL32.dll
0x00007fff57310000 - 0x00007fff57ab4000 	C:\Windows\SYSTEM32\windows.storage.dll
0x00007fff5acc0000 - 0x00007fff5b013000 	C:\Windows\System32\combase.dll
0x00007fff58d20000 - 0x00007fff58d4e000 	C:\Windows\SYSTEM32\Wldp.dll
0x00007fff5a670000 - 0x00007fff5a73d000 	C:\Windows\System32\OLEAUT32.dll
0x00007fff5b020000 - 0x00007fff5b0cd000 	C:\Windows\System32\SHCORE.dll
0x00007fff5ac60000 - 0x00007fff5acb5000 	C:\Windows\System32\shlwapi.dll
0x00007fff59220000 - 0x00007fff59244000 	C:\Windows\SYSTEM32\profapi.dll
0x00007fff43fd0000 - 0x00007fff43fe8000 	c:\Users\admin\.vscode\extensions\redhat.java-1.47.0-win32-x64\jre\21.0.8-win32-x86_64\bin\zip.dll
0x00007fff51490000 - 0x00007fff514a0000 	C:\Users\admin\.vscode\extensions\redhat.java-1.47.0-win32-x64\jre\21.0.8-win32-x86_64\bin\net.dll
0x00007fff560f0000 - 0x00007fff561fd000 	C:\Windows\SYSTEM32\WINHTTP.dll
0x00007fff58a40000 - 0x00007fff58aaa000 	C:\Windows\system32\mswsock.dll
0x00007fff37b00000 - 0x00007fff37b16000 	C:\Users\admin\.vscode\extensions\redhat.java-1.47.0-win32-x64\jre\21.0.8-win32-x86_64\bin\nio.dll
0x00007fff37280000 - 0x00007fff37290000 	c:\Users\admin\.vscode\extensions\redhat.java-1.47.0-win32-x64\jre\21.0.8-win32-x86_64\bin\verify.dll
0x00007fff28a90000 - 0x00007fff28ad4000 	C:\Users\admin\AppData\Roaming\Code\User\globalStorage\redhat.java\1.47.0\config_ss_win\org.eclipse.equinox.launcher\org.eclipse.equinox.launcher.win32.win32.x86_64_1.2.1400.v20250801-0854\eclipse_11916.dll
0x00007fff5a740000 - 0x00007fff5a86b000 	C:\Windows\System32\ole32.dll

JVMTI agents:
c:\Users\admin\.vscode\extensions\redhat.java-1.47.0-win32-x64\lombok\lombok-1.18.39-4050.jar path:c:\Users\admin\.vscode\extensions\redhat.java-1.47.0-win32-x64\jre\21.0.8-win32-x86_64\bin\instrument.dll, loaded, initialized, instrumentlib options:none

dbghelp: loaded successfully - version: 4.0.5 - missing functions: none
symbol engine: initialized successfully - sym options: 0x614 - pdb path: .;c:\Users\admin\.vscode\extensions\redhat.java-1.47.0-win32-x64\jre\21.0.8-win32-x86_64\bin;C:\Windows\SYSTEM32;C:\Windows\WinSxS\amd64_microsoft.windows.common-controls_6595b64144ccf1df_6.0.19041.4355_none_60b8b9eb71f62e16;c:\Users\admin\.vscode\extensions\redhat.java-1.47.0-win32-x64\jre\21.0.8-win32-x86_64\bin\server;C:\Users\admin\AppData\Roaming\Code\User\globalStorage\redhat.java\1.47.0\config_ss_win\org.eclipse.equinox.launcher\org.eclipse.equinox.launcher.win32.win32.x86_64_1.2.1400.v20250801-0854

VM Arguments:
jvm_args: --add-modules=ALL-SYSTEM --add-opens=java.base/java.util=ALL-UNNAMED --add-opens=java.base/java.lang=ALL-UNNAMED --add-opens=java.base/sun.nio.fs=ALL-UNNAMED -Declipse.application=org.eclipse.jdt.ls.core.id1 -Dosgi.bundles.defaultStartLevel=4 -Declipse.product=org.eclipse.jdt.ls.core.product -Djava.import.generatesMetadataFilesAtProjectRoot=false -DDetectVMInstallationsJob.disabled=true -Dfile.encoding=utf8 -XX:+UseParallelGC -XX:GCTimeRatio=4 -XX:AdaptiveSizePolicyWeight=90 -Dsun.zip.disableMemoryMapping=true -Xmx2G -Xms100m -Xlog:disable -javaagent:c:\Users\admin\.vscode\extensions\redhat.java-1.47.0-win32-x64\lombok\lombok-1.18.39-4050.jar 
java_command: c:\Users\admin\.vscode\extensions\redhat.java-1.47.0-win32-x64\server\plugins\org.eclipse.equinox.launcher_1.7.100.v20251014-1222.jar -configuration c:\Users\admin\AppData\Roaming\Code\User\globalStorage\redhat.java\1.47.0\config_ss_win -data c:\Users\admin\AppData\Roaming\Code\User\workspaceStorage\2088dbd25fa19c78726ac96d40eac408\redhat.java\ss_ws --pipe=\\.\pipe\lsp-5c50041fd1146ced06310dd7bce8bd37-sock
java_class_path (initial): c:\Users\admin\.vscode\extensions\redhat.java-1.47.0-win32-x64\server\plugins\org.eclipse.equinox.launcher_1.7.100.v20251014-1222.jar
Launcher Type: SUN_STANDARD

[Global flags]
    uintx AdaptiveSizePolicyWeight                 = 90                                        {product} {command line}
     intx CICompilerCount                          = 4                                         {product} {ergonomic}
    uintx GCTimeRatio                              = 4                                         {product} {command line}
   size_t InitialHeapSize                          = 104857600                                 {product} {command line}
   size_t MaxHeapSize                              = 2147483648                                {product} {command line}
   size_t MaxNewSize                               = 715653120                                 {product} {ergonomic}
   size_t MinHeapDeltaBytes                        = 524288                                    {product} {ergonomic}
   size_t MinHeapSize                              = 104857600                                 {product} {command line}
   size_t NewSize                                  = 34603008                                  {product} {ergonomic}
    uintx NonNMethodCodeHeapSize                   = 5839372                                {pd product} {ergonomic}
    uintx NonProfiledCodeHeapSize                  = 122909434                              {pd product} {ergonomic}
   size_t OldSize                                  = 70254592                                  {product} {ergonomic}
    uintx ProfiledCodeHeapSize                     = 122909434                              {pd product} {ergonomic}
    uintx ReservedCodeCacheSize                    = 251658240                              {pd product} {ergonomic}
     bool SegmentedCodeCache                       = true                                      {product} {ergonomic}
   size_t SoftMaxHeapSize                          = 2147483648                             {manageable} {ergonomic}
     bool UseCompressedOops                        = true                           {product lp64_product} {ergonomic}
     bool UseLargePagesIndividualAllocation        = false                                  {pd product} {ergonomic}
     bool UseParallelGC                            = true                                      {product} {command line}

Logging:
Log output configuration:
 #0: stdout all=off uptime,level,tags foldmultilines=false
 #1: stderr all=off uptime,level,tags foldmultilines=false

Environment Variables:
JAVA_HOME=c:\Users\admin\AppData\Local\Programs\Microsoft VS Code\jdk-17
PATH=C:\Python314\Scripts\;C:\Python314\;C:\Python313\Scripts\;C:\Python313\;C:\Program Files\Microsoft\jdk-17.0.15.6-hotspot\bin;D:\php;C:\Program Files (x86)\Common Files\Oracle\Java\javapath;C:\Windows\system32;C:\Windows;C:\Windows\System32\Wbem;C:\Windows\System32\WindowsPowerShell\v1.0\;C:\Windows\System32\OpenSSH\;C:\Program Files (x86)\Microsoft SQL Server\160\Tools\Binn\;C:\Program Files\Microsoft SQL Server\160\Tools\Binn\;C:\Program Files\Microsoft SQL Server\Client SDK\ODBC\170\Tools\Binn\;C:\Program Files\Microsoft SQL Server\160\DTS\Binn\;C:\Program Files\Azure Data Studio\bin;C:\Program Files\Microsoft SQL Server\150\Tools\Binn\;C:\Program Files\dotnet\;C:\Program Files (x86)\Dev-Cpp\MinGW64\bin;C:\Program Files\kotlinc\bin;C:\Program Files\Git\cmd;D:\AndroidStudio\Sdk\platform-tools;C:\ProgramData\chocolatey\bin;D:\AndroidStudio\Sdk\platform-tools;D:\AndroidStudio\Sdk\emulator;D:\AndroidStudio\Sdk\tools;D:\AndroidStudio\Sdk\tools\bin;D:\AndroidStudio\Sdk\cmdline-tools\latest\bin;%LOCALAPPDATA%\Android\Sdk\platform-tools;C:\tools\php84;C:\ProgramData\ComposerSetup\bin;D:\Program Files\mongosh;;C:\Program Files\Docker\Docker\resources\bin;C:\Program Files\nodejs\;D:\Program Files\cursor\resources\app\bin;C:\Users\admin\AppData\Local\jdk-11.0.2\bin;C:\Users\admin\AppData\Local\Programs\Python\Python312\Scripts\;C:\Users\admin\AppData\Local\Programs\Python\Python312\;C:\Users\admin\AppData\Local\Microsoft\WindowsApps;C:\Users\admin\AppData\Local\Programs\Microsoft VS Code\bin;C:\Program Files\Azure Data Studio\bin;C:\Program Files\JetBrains\PyCharm 2023.3.2\bin;;D:\Program Files\JetBrains\PyCharm Community Edition 2024.3.1.1\bin;;C:\Program Files\JetBrains\DataSpell 2023.3.5\bin;;D:\admin\JetBrains\IntelliJ IDEA 2024.2.1\bin;;D:\Program Files\JetBrains\IntelliJ IDEA Community Edition 2024.2.1\bin;;C:\Users\admin\AppData\Local\Muse Hub\lib;D:\AndroidStudio\Sdk\emulator;D:\AndroidStudio\Sdk\platform-tools;D:\AndroidStudio\Sdk\tools;D:\AndroidStudio\Sdk\tools\bin;C:\Users\admin\AppData\Local\Android\Sdk\cmdline-tools\bin;c:\Users\admin\AppData\Local\Programs\Microsoft VS Code\jdk-17\bin;D:\AndroidStudio\Sdk\cmdline-tools\latest\bin;C:\Users\admin\AppData\Local\Android\Sdk\platform-tools;C:\Users\admin\AppData\Roaming\Composer\vendor\bin;C:\Users\admin\AppData\Local\GitHubDesktop\bin;D:\Program Files\mongosh\;C:\Users\admin\AppData\Roaming\npm
USERNAME=admin
OS=Windows_NT
PROCESSOR_IDENTIFIER=Intel64 Family 6 Model 140 Stepping 1, GenuineIntel
TMP=C:\Users\admin\AppData\Local\Temp
TEMP=C:\Users\admin\AppData\Local\Temp




Periodic native trim disabled

---------------  S Y S T E M  ---------------

OS:
 Windows 10 , 64 bit Build 19041 (10.0.19041.5198)
OS uptime: 0 days 21:19 hours
Hyper-V role detected

CPU: total 8 (initial active 8) (4 cores per cpu, 2 threads per core) family 6 model 140 stepping 1 microcode 0xbc, cx8, cmov, fxsr, ht, mmx, 3dnowpref, sse, sse2, sse3, ssse3, sse4.1, sse4.2, popcnt, lzcnt, tsc, tscinvbit, avx, avx2, aes, erms, clmul, bmi1, bmi2, adx, avx512f, avx512dq, avx512cd, avx512bw, avx512vl, sha, fma, vzeroupper, avx512_vpopcntdq, avx512_vpclmulqdq, avx512_vaes, avx512_vnni, clflush, clflushopt, clwb, avx512_vbmi2, avx512_vbmi, hv, rdtscp, rdpid, fsrm, gfni, avx512_bitalg, f16c, cet_ibt, cet_ss, avx512_ifma
Processor Information for the first 8 processors :
  Max Mhz: 2419, Current Mhz: 2419, Mhz Limit: 2419

Memory: 4k page, system-wide physical 7914M (244M free)
TotalPageFile size 14380M (AvailPageFile size 2M)
current process WorkingSet (physical memory assigned to process): 126M, peak: 126M
current process commit charge ("private bytes"): 269M, peak: 269M

vm_info: OpenJDK 64-Bit Server VM (21.0.8+9-LTS) for windows-amd64 JRE (21.0.8+9-LTS), built on 2025-07-15T00:00:00Z by "admin" with MS VC++ 17.7 (VS2022)

END.
